<?xml version="1.0" encoding="UTF-8"?>
<!DOCTYPE mapper PUBLIC "-//mybatis.org//DTD Mapper 3.0//EN"
        "http://mybatis.org/dtd/mybatis-3-mapper.dtd">
<mapper namespace="com.cloud.mapper.TestMapper">
    <select id="queryUser" parameterType="java.util.Map" resultType="com.cloud.domain.TestVO">
        SELECT
        id as id  ,
        name as name  ,
        mail as mail  ,
        address as address
        from T_USER
        WHERE 1 = 1
        <if test="name != null and name != ''">
            AND name = #{name}
        </if>
        <if test="address != null and address != ''">
            AND address = #{address}
        </if>

    </select>

</mapper>

